build/app/intermediates/manifest_merge_blame_file/release/manifest-merger-blame-release-report.txt
1<?xml version="1.0" encoding="utf-8"?>
2<manifest xmlns:android="http://schemas.android.com/apk/res/android"
3    package="com.example.byaherov1"
4    android:versionCode="1"
5    android:versionName="1.0.0" >
6
7    <uses-sdk
8        android:minSdkVersion="22"
8-->src/main/AndroidManifest.xml
9        android:targetSdkVersion="30" />
9-->src/main/AndroidManifest.xml
10
11    <uses-permission android:name="android.permission.INTERNET" />
11-->src/main/AndroidManifest.xml:4:5-67
11-->src/main/AndroidManifest.xml:4:22-64
12    <uses-permission android:name="android.permission.ACCESS_FINE_LOCATION" />
12-->src/main/AndroidManifest.xml:5:5-79
12-->src/main/AndroidManifest.xml:5:22-76
13    <uses-permission android:name="android.permission.ACCESS_COARSE_LOCATION" />
13-->src/main/AndroidManifest.xml:6:5-81
13-->src/main/AndroidManifest.xml:6:22-78
14    <uses-permission android:name="android.permission.CAMERA" />
14-->src/main/AndroidManifest.xml:7:5-65
14-->src/main/AndroidManifest.xml:7:22-62
15    <uses-permission android:name="android.permission.WRITE_EXTERNAL_STORAGE" />
15-->src/main/AndroidManifest.xml:8:5-80
15-->src/main/AndroidManifest.xml:8:22-78
16    <uses-permission android:name="android.permission.READ_EXTERNAL_STORAGE" />
16-->src/main/AndroidManifest.xml:9:5-79
16-->src/main/AndroidManifest.xml:9:22-77
17    <uses-permission android:name="android.permission.READ_CALENDAR" />
17-->src/main/AndroidManifest.xml:10:5-71
17-->src/main/AndroidManifest.xml:10:22-69
18    <uses-permission android:name="android.permission.WRITE_CALENDAR" />
18-->src/main/AndroidManifest.xml:11:5-72
18-->src/main/AndroidManifest.xml:11:22-70
19
20    <uses-permission-sdk-23 android:name="android.permission.READ_CALENDAR" />
20-->src/main/AndroidManifest.xml:12:5-78
20-->src/main/AndroidManifest.xml:12:29-76
21    <uses-permission-sdk-23 android:name="android.permission.WRITE_CALENDAR" />
21-->src/main/AndroidManifest.xml:13:5-79
21-->src/main/AndroidManifest.xml:13:29-77
22
23    <uses-permission android:name="android.permission.RECEIVE_BOOT_COMPLETED" />
23-->src/main/AndroidManifest.xml:14:5-80
23-->src/main/AndroidManifest.xml:14:22-78
24    <uses-permission android:name="android.permission.VIBRATE" />
24-->src/main/AndroidManifest.xml:15:5-66
24-->src/main/AndroidManifest.xml:15:22-63
25    <!-- Create a unique permission for your app and use it so only your app can receive your OneSignal messages. -->
26    <permission
26-->[com.onesignal:OneSignal:3.15.1] AndroidManifest.xml:7:5-9:47
27        android:name="com.example.byaherov1.permission.C2D_MESSAGE"
27-->[com.onesignal:OneSignal:3.15.1] AndroidManifest.xml:8:9-63
28        android:protectionLevel="signature" />
28-->[com.onesignal:OneSignal:3.15.1] AndroidManifest.xml:9:9-44
29
30    <uses-permission android:name="com.example.byaherov1.permission.C2D_MESSAGE" />
30-->[com.onesignal:OneSignal:3.15.1] AndroidManifest.xml:11:5-79
30-->[com.onesignal:OneSignal:3.15.1] AndroidManifest.xml:11:22-76
31    <uses-permission android:name="com.google.android.c2dm.permission.RECEIVE" /> <!-- Required, makes sure notifications are delivered on time. -->
31-->[com.onesignal:OneSignal:3.15.1] AndroidManifest.xml:17:5-82
31-->[com.onesignal:OneSignal:3.15.1] AndroidManifest.xml:17:22-79
32    <uses-permission android:name="android.permission.WAKE_LOCK" />
32-->[com.onesignal:OneSignal:3.15.1] AndroidManifest.xml:18:5-68
32-->[com.onesignal:OneSignal:3.15.1] AndroidManifest.xml:18:22-65
33    <uses-permission android:name="android.permission.ACCESS_NETWORK_STATE" /> <!-- START: ShortcutBadger -->
33-->[com.onesignal:OneSignal:3.15.1] AndroidManifest.xml:24:5-79
33-->[com.onesignal:OneSignal:3.15.1] AndroidManifest.xml:24:22-76
34    <!-- Samsung -->
35    <uses-permission android:name="com.sec.android.provider.badge.permission.READ" />
35-->[com.onesignal:OneSignal:3.15.1] AndroidManifest.xml:31:5-86
35-->[com.onesignal:OneSignal:3.15.1] AndroidManifest.xml:31:22-83
36    <uses-permission android:name="com.sec.android.provider.badge.permission.WRITE" /> <!-- HTC -->
36-->[com.onesignal:OneSignal:3.15.1] AndroidManifest.xml:32:5-87
36-->[com.onesignal:OneSignal:3.15.1] AndroidManifest.xml:32:22-84
37    <uses-permission android:name="com.htc.launcher.permission.READ_SETTINGS" />
37-->[com.onesignal:OneSignal:3.15.1] AndroidManifest.xml:33:5-81
37-->[com.onesignal:OneSignal:3.15.1] AndroidManifest.xml:33:22-78
38    <uses-permission android:name="com.htc.launcher.permission.UPDATE_SHORTCUT" /> <!-- Sony -->
38-->[com.onesignal:OneSignal:3.15.1] AndroidManifest.xml:34:5-83
38-->[com.onesignal:OneSignal:3.15.1] AndroidManifest.xml:34:22-80
39    <uses-permission android:name="com.sonyericsson.home.permission.BROADCAST_BADGE" />
39-->[com.onesignal:OneSignal:3.15.1] AndroidManifest.xml:35:5-88
39-->[com.onesignal:OneSignal:3.15.1] AndroidManifest.xml:35:22-85
40    <uses-permission android:name="com.sonymobile.home.permission.PROVIDER_INSERT_BADGE" /> <!-- Apex -->
40-->[com.onesignal:OneSignal:3.15.1] AndroidManifest.xml:36:5-92
40-->[com.onesignal:OneSignal:3.15.1] AndroidManifest.xml:36:22-89
41    <uses-permission android:name="com.anddoes.launcher.permission.UPDATE_COUNT" /> <!-- Solid -->
41-->[com.onesignal:OneSignal:3.15.1] AndroidManifest.xml:37:5-84
41-->[com.onesignal:OneSignal:3.15.1] AndroidManifest.xml:37:22-81
42    <uses-permission android:name="com.majeur.launcher.permission.UPDATE_BADGE" /> <!-- Huawei -->
42-->[com.onesignal:OneSignal:3.15.1] AndroidManifest.xml:38:5-83
42-->[com.onesignal:OneSignal:3.15.1] AndroidManifest.xml:38:22-80
43    <uses-permission android:name="com.huawei.android.launcher.permission.CHANGE_BADGE" />
43-->[com.onesignal:OneSignal:3.15.1] AndroidManifest.xml:39:5-91
43-->[com.onesignal:OneSignal:3.15.1] AndroidManifest.xml:39:22-88
44    <uses-permission android:name="com.huawei.android.launcher.permission.READ_SETTINGS" />
44-->[com.onesignal:OneSignal:3.15.1] AndroidManifest.xml:40:5-92
44-->[com.onesignal:OneSignal:3.15.1] AndroidManifest.xml:40:22-89
45    <uses-permission android:name="com.huawei.android.launcher.permission.WRITE_SETTINGS" /> <!-- ZUK -->
45-->[com.onesignal:OneSignal:3.15.1] AndroidManifest.xml:41:5-93
45-->[com.onesignal:OneSignal:3.15.1] AndroidManifest.xml:41:22-90
46    <uses-permission android:name="android.permission.READ_APP_BADGE" /> <!-- OPPO -->
46-->[com.onesignal:OneSignal:3.15.1] AndroidManifest.xml:42:5-73
46-->[com.onesignal:OneSignal:3.15.1] AndroidManifest.xml:42:22-70
47    <uses-permission android:name="com.oppo.launcher.permission.READ_SETTINGS" />
47-->[com.onesignal:OneSignal:3.15.1] AndroidManifest.xml:43:5-82
47-->[com.onesignal:OneSignal:3.15.1] AndroidManifest.xml:43:22-79
48    <uses-permission android:name="com.oppo.launcher.permission.WRITE_SETTINGS" /> <!-- EvMe -->
48-->[com.onesignal:OneSignal:3.15.1] AndroidManifest.xml:44:5-83
48-->[com.onesignal:OneSignal:3.15.1] AndroidManifest.xml:44:22-80
49    <uses-permission android:name="me.everything.badger.permission.BADGE_COUNT_READ" />
49-->[com.onesignal:OneSignal:3.15.1] AndroidManifest.xml:45:5-88
49-->[com.onesignal:OneSignal:3.15.1] AndroidManifest.xml:45:22-85
50    <uses-permission android:name="me.everything.badger.permission.BADGE_COUNT_WRITE" />
50-->[com.onesignal:OneSignal:3.15.1] AndroidManifest.xml:46:5-89
50-->[com.onesignal:OneSignal:3.15.1] AndroidManifest.xml:46:22-86
51    <uses-permission android:name="android.permission.FLASHLIGHT" />
51-->[:qrscan] AndroidManifest.xml:9:5-69
51-->[:qrscan] AndroidManifest.xml:9:22-66
52
53    <uses-feature android:name="android.hardware.camera" />
53-->[:qrscan] AndroidManifest.xml:11:5-60
53-->[:qrscan] AndroidManifest.xml:11:19-57
54    <uses-feature android:name="android.hardware.camera.autofocus" />
54-->[:qrscan] AndroidManifest.xml:12:5-70
54-->[:qrscan] AndroidManifest.xml:12:19-67
55
56    <uses-permission android:name="android.permission.FOREGROUND_SERVICE" />
56-->[androidx.work:work-runtime:2.3.4] AndroidManifest.xml:28:5-77
56-->[androidx.work:work-runtime:2.3.4] AndroidManifest.xml:28:22-74
57    <!--
58 io.flutter.app.FlutterApplication is an android.app.Application that
59         calls FlutterMain.startInitialization(this); in its onCreate method.
60         In most cases you can leave this as-is, but you if you want to provide
61         additional functionality it is fine to subclass or reimplement
62         FlutterApplication and put your custom class here.
63    -->
64    <application
64-->src/main/AndroidManifest.xml:21:5-63:19
65        android:name="io.flutter.app.FlutterApplication"
65-->src/main/AndroidManifest.xml:22:9-57
66        android:allowBackup="true"
66-->[:qrscan] AndroidManifest.xml:20:9-35
67        android:appComponentFactory="androidx.core.app.CoreComponentFactory"
67-->[androidx.core:core:1.2.0] AndroidManifest.xml:24:18-86
68        android:configChanges="orientation|keyboardHidden"
68-->[:qrscan] AndroidManifest.xml:21:9-59
69        android:icon="@mipmap/launcher_icon"
69-->src/main/AndroidManifest.xml:24:9-45
70        android:label="byahero"
70-->src/main/AndroidManifest.xml:23:9-32
71        android:screenOrientation="portrait"
71-->[:qrscan] AndroidManifest.xml:23:9-45
72        android:supportsRtl="true"
72-->[:qrscan] AndroidManifest.xml:24:9-35
73        android:theme="@style/Theme.AppCompat.NoActionBar"
73-->[:qrscan] AndroidManifest.xml:25:9-59
74        android:windowSoftInputMode="stateAlwaysHidden" >
74-->[:qrscan] AndroidManifest.xml:26:9-56
75        <activity
75-->src/main/AndroidManifest.xml:27:9-57:20
76            android:name="com.example.byaherov1.MainActivity"
76-->src/main/AndroidManifest.xml:28:13-41
77            android:configChanges="orientation|keyboardHidden|keyboard|screenSize|smallestScreenSize|locale|layoutDirection|fontScale|screenLayout|density|uiMode"
77-->src/main/AndroidManifest.xml:31:13-163
78            android:hardwareAccelerated="true"
78-->src/main/AndroidManifest.xml:32:13-47
79            android:launchMode="singleTop"
79-->src/main/AndroidManifest.xml:29:13-43
80            android:theme="@style/LaunchTheme"
80-->src/main/AndroidManifest.xml:30:13-47
81            android:windowSoftInputMode="adjustResize" >
81-->src/main/AndroidManifest.xml:33:13-55
82
83            <!--
84                 Specifies an Android theme to apply to this Activity as soon as
85                 the Android process has started. This theme is visible to the user
86                 while the Flutter UI initializes. After that, this theme continues
87                 to determine the Window background behind the Flutter UI.
88            -->
89            <meta-data
89-->src/main/AndroidManifest.xml:40:13-43:17
90                android:name="io.flutter.embedding.android.NormalTheme"
90-->src/main/AndroidManifest.xml:41:15-70
91                android:resource="@style/NormalTheme" />
91-->src/main/AndroidManifest.xml:42:15-52
92            <!--
93                 Displays an Android View that continues showing the launch screen
94                 Drawable until Flutter paints its first frame, then this splash
95                 screen fades out. A splash screen is useful to avoid any visual
96                 gap between the end of Android's launch screen and the painting of
97                 Flutter's first frame.
98            -->
99            <meta-data
99-->src/main/AndroidManifest.xml:49:13-52:17
100                android:name="io.flutter.embedding.android.SplashScreenDrawable"
100-->src/main/AndroidManifest.xml:50:15-79
101                android:resource="@drawable/launch_background" />
101-->src/main/AndroidManifest.xml:51:15-61
102
103            <intent-filter>
103-->src/main/AndroidManifest.xml:53:13-56:29
104                <action android:name="android.intent.action.MAIN" />
104-->src/main/AndroidManifest.xml:54:17-68
104-->src/main/AndroidManifest.xml:54:25-66
105
106                <category android:name="android.intent.category.LAUNCHER" />
106-->src/main/AndroidManifest.xml:55:17-76
106-->src/main/AndroidManifest.xml:55:27-74
107            </intent-filter>
108        </activity>
109        <!--
110             Don't delete the meta-data below.
111             This is used by the Flutter tool to generate GeneratedPluginRegistrant.java
112        -->
113        <meta-data
113-->src/main/AndroidManifest.xml:60:9-62:33
114            android:name="flutterEmbedding"
114-->src/main/AndroidManifest.xml:61:13-44
115            android:value="2" />
115-->src/main/AndroidManifest.xml:62:13-30
116        <meta-data
116-->[com.onesignal:OneSignal:3.15.1] AndroidManifest.xml:49:9-51:51
117            android:name="onesignal_app_id"
117-->[com.onesignal:OneSignal:3.15.1] AndroidManifest.xml:50:13-44
118            android:value="354447a9-cde5-4abc-8af2-bb1d2df41a64" /> <!-- Deprecated - Pulled from OneSignal dashboard. -->
118-->[com.onesignal:OneSignal:3.15.1] AndroidManifest.xml:51:13-48
119        <meta-data
119-->[com.onesignal:OneSignal:3.15.1] AndroidManifest.xml:53:9-55:70
120            android:name="onesignal_google_project_number"
120-->[com.onesignal:OneSignal:3.15.1] AndroidManifest.xml:54:13-59
121            android:value="str:REMOTE" />
121-->[com.onesignal:OneSignal:3.15.1] AndroidManifest.xml:55:13-67
122
123        <receiver
123-->[com.onesignal:OneSignal:3.15.1] AndroidManifest.xml:57:9-67:20
124            android:name="com.onesignal.GcmBroadcastReceiver"
124-->[com.onesignal:OneSignal:3.15.1] AndroidManifest.xml:58:13-62
125            android:permission="com.google.android.c2dm.permission.SEND" >
125-->[com.onesignal:OneSignal:3.15.1] AndroidManifest.xml:59:13-73
126
127            <!-- High priority so OneSignal payloads can be filtered from other GCM receivers if filterOtherGCMReceivers is enabled. -->
128            <intent-filter android:priority="999" >
128-->[com.onesignal:OneSignal:3.15.1] AndroidManifest.xml:62:13-66:29
128-->[com.onesignal:OneSignal:3.15.1] AndroidManifest.xml:62:28-50
129                <action android:name="com.google.android.c2dm.intent.RECEIVE" />
129-->[com.onesignal:OneSignal:3.15.1] AndroidManifest.xml:63:17-81
129-->[com.onesignal:OneSignal:3.15.1] AndroidManifest.xml:63:25-78
130
131                <category android:name="com.example.byaherov1" />
131-->[com.onesignal:OneSignal:3.15.1] AndroidManifest.xml:65:17-61
131-->[com.onesignal:OneSignal:3.15.1] AndroidManifest.xml:65:27-58
132            </intent-filter>
133        </receiver>
134        <receiver android:name="com.onesignal.NotificationOpenedReceiver" />
134-->[com.onesignal:OneSignal:3.15.1] AndroidManifest.xml:68:9-77
134-->[com.onesignal:OneSignal:3.15.1] AndroidManifest.xml:68:19-74
135
136        <service
136-->[com.onesignal:OneSignal:3.15.1] AndroidManifest.xml:70:9-76:19
137            android:name="com.onesignal.HmsMessageServiceOneSignal"
137-->[com.onesignal:OneSignal:3.15.1] AndroidManifest.xml:71:13-68
138            android:exported="false" >
138-->[com.onesignal:OneSignal:3.15.1] AndroidManifest.xml:72:13-37
139            <intent-filter>
139-->[com.onesignal:OneSignal:3.15.1] AndroidManifest.xml:73:13-75:29
140                <action android:name="com.huawei.push.action.MESSAGING_EVENT" />
140-->[com.onesignal:OneSignal:3.15.1] AndroidManifest.xml:74:17-81
140-->[com.onesignal:OneSignal:3.15.1] AndroidManifest.xml:74:25-78
141            </intent-filter>
142        </service>
143
144        <activity
144-->[com.onesignal:OneSignal:3.15.1] AndroidManifest.xml:78:9-84:20
145            android:name="com.onesignal.NotificationOpenedActivityHMS"
145-->[com.onesignal:OneSignal:3.15.1] AndroidManifest.xml:79:13-71
146            android:theme="@android:style/Theme.Translucent.NoTitleBar" >
146-->[com.onesignal:OneSignal:3.15.1] AndroidManifest.xml:80:13-72
147            <intent-filter>
147-->[com.onesignal:OneSignal:3.15.1] AndroidManifest.xml:81:13-83:29
148                <action android:name="android.intent.action.VIEW" />
148-->[com.onesignal:OneSignal:3.15.1] AndroidManifest.xml:82:17-69
148-->[com.onesignal:OneSignal:3.15.1] AndroidManifest.xml:82:25-66
149            </intent-filter>
150        </activity>
151
152        <service android:name="com.onesignal.GcmIntentService" />
152-->[com.onesignal:OneSignal:3.15.1] AndroidManifest.xml:86:9-66
152-->[com.onesignal:OneSignal:3.15.1] AndroidManifest.xml:86:18-63
153        <service
153-->[com.onesignal:OneSignal:3.15.1] AndroidManifest.xml:87:9-89:72
154            android:name="com.onesignal.GcmIntentJobService"
154-->[com.onesignal:OneSignal:3.15.1] AndroidManifest.xml:88:13-61
155            android:permission="android.permission.BIND_JOB_SERVICE" />
155-->[com.onesignal:OneSignal:3.15.1] AndroidManifest.xml:89:13-69
156        <service
156-->[com.onesignal:OneSignal:3.15.1] AndroidManifest.xml:90:9-92:72
157            android:name="com.onesignal.RestoreJobService"
157-->[com.onesignal:OneSignal:3.15.1] AndroidManifest.xml:91:13-59
158            android:permission="android.permission.BIND_JOB_SERVICE" />
158-->[com.onesignal:OneSignal:3.15.1] AndroidManifest.xml:92:13-69
159        <service
159-->[com.onesignal:OneSignal:3.15.1] AndroidManifest.xml:93:9-95:72
160            android:name="com.onesignal.RestoreKickoffJobService"
160-->[com.onesignal:OneSignal:3.15.1] AndroidManifest.xml:94:13-66
161            android:permission="android.permission.BIND_JOB_SERVICE" />
161-->[com.onesignal:OneSignal:3.15.1] AndroidManifest.xml:95:13-69
162        <service
162-->[com.onesignal:OneSignal:3.15.1] AndroidManifest.xml:96:9-98:43
163            android:name="com.onesignal.SyncService"
163-->[com.onesignal:OneSignal:3.15.1] AndroidManifest.xml:97:13-53
164            android:stopWithTask="true" />
164-->[com.onesignal:OneSignal:3.15.1] AndroidManifest.xml:98:13-40
165        <service
165-->[com.onesignal:OneSignal:3.15.1] AndroidManifest.xml:99:9-101:72
166            android:name="com.onesignal.SyncJobService"
166-->[com.onesignal:OneSignal:3.15.1] AndroidManifest.xml:100:13-56
167            android:permission="android.permission.BIND_JOB_SERVICE" />
167-->[com.onesignal:OneSignal:3.15.1] AndroidManifest.xml:101:13-69
168
169        <activity
169-->[com.onesignal:OneSignal:3.15.1] AndroidManifest.xml:103:9-105:75
170            android:name="com.onesignal.PermissionsActivity"
170-->[com.onesignal:OneSignal:3.15.1] AndroidManifest.xml:104:13-61
171            android:theme="@android:style/Theme.Translucent.NoTitleBar" />
171-->[com.onesignal:OneSignal:3.15.1] AndroidManifest.xml:105:13-72
172
173        <service android:name="com.onesignal.NotificationRestoreService" />
173-->[com.onesignal:OneSignal:3.15.1] AndroidManifest.xml:107:9-76
173-->[com.onesignal:OneSignal:3.15.1] AndroidManifest.xml:107:18-73
174
175        <receiver android:name="com.onesignal.BootUpReceiver" >
175-->[com.onesignal:OneSignal:3.15.1] AndroidManifest.xml:109:9-114:20
175-->[com.onesignal:OneSignal:3.15.1] AndroidManifest.xml:109:19-62
176            <intent-filter>
176-->[com.onesignal:OneSignal:3.15.1] AndroidManifest.xml:110:13-113:29
177                <action android:name="android.intent.action.BOOT_COMPLETED" />
177-->[com.onesignal:OneSignal:3.15.1] AndroidManifest.xml:111:17-79
177-->[com.onesignal:OneSignal:3.15.1] AndroidManifest.xml:111:25-76
178                <action android:name="android.intent.action.QUICKBOOT_POWERON" />
178-->[com.onesignal:OneSignal:3.15.1] AndroidManifest.xml:112:17-82
178-->[com.onesignal:OneSignal:3.15.1] AndroidManifest.xml:112:25-79
179            </intent-filter>
180        </receiver>
181        <receiver android:name="com.onesignal.UpgradeReceiver" >
181-->[com.onesignal:OneSignal:3.15.1] AndroidManifest.xml:115:9-119:20
181-->[com.onesignal:OneSignal:3.15.1] AndroidManifest.xml:115:19-63
182            <intent-filter>
182-->[com.onesignal:OneSignal:3.15.1] AndroidManifest.xml:116:13-118:29
183                <action android:name="android.intent.action.MY_PACKAGE_REPLACED" />
183-->[com.onesignal:OneSignal:3.15.1] AndroidManifest.xml:117:17-84
183-->[com.onesignal:OneSignal:3.15.1] AndroidManifest.xml:117:25-81
184            </intent-filter>
185        </receiver>
186
187        <provider
187-->[:image_picker] AndroidManifest.xml:11:9-19:20
188            android:name="io.flutter.plugins.imagepicker.ImagePickerFileProvider"
188-->[:image_picker] AndroidManifest.xml:12:13-82
189            android:authorities="com.example.byaherov1.flutter.image_provider"
189-->[:image_picker] AndroidManifest.xml:13:13-74
190            android:exported="false"
190-->[:image_picker] AndroidManifest.xml:14:13-37
191            android:grantUriPermissions="true" >
191-->[:image_picker] AndroidManifest.xml:15:13-47
192            <meta-data
192-->[:image_picker] AndroidManifest.xml:16:13-18:75
193                android:name="android.support.FILE_PROVIDER_PATHS"
193-->[:image_picker] AndroidManifest.xml:17:17-67
194                android:resource="@xml/flutter_image_picker_file_paths" />
194-->[:image_picker] AndroidManifest.xml:18:17-72
195        </provider>
196
197        <activity
197-->[:url_launcher] AndroidManifest.xml:8:9-11:74
198            android:name="io.flutter.plugins.urllauncher.WebViewActivity"
198-->[:url_launcher] AndroidManifest.xml:9:13-74
199            android:exported="false"
199-->[:url_launcher] AndroidManifest.xml:10:13-37
200            android:theme="@android:style/Theme.NoTitleBar.Fullscreen" />
200-->[:url_launcher] AndroidManifest.xml:11:13-71
201        <activity android:name="com.shinow.qrscan.SecondActivity" />
201-->[:qrscan] AndroidManifest.xml:27:9-69
201-->[:qrscan] AndroidManifest.xml:27:19-66
202        <!--
203             FirebaseMessagingService performs security checks at runtime,
204             no need for explicit permissions despite exported="true"
205        -->
206        <service
206-->[com.google.firebase:firebase-messaging:17.3.3] AndroidManifest.xml:28:9-34:19
207            android:name="com.google.firebase.messaging.FirebaseMessagingService"
207-->[com.google.firebase:firebase-messaging:17.3.3] AndroidManifest.xml:29:13-82
208            android:exported="true" >
208-->[com.google.firebase:firebase-messaging:17.3.3] AndroidManifest.xml:30:13-36
209            <intent-filter android:priority="-500" >
209-->[com.google.firebase:firebase-messaging:17.3.3] AndroidManifest.xml:31:13-33:29
209-->[com.google.firebase:firebase-messaging:17.3.3] AndroidManifest.xml:31:28-51
210                <action android:name="com.google.firebase.MESSAGING_EVENT" />
210-->[com.google.firebase:firebase-messaging:17.3.3] AndroidManifest.xml:32:17-78
210-->[com.google.firebase:firebase-messaging:17.3.3] AndroidManifest.xml:32:25-75
211            </intent-filter>
212        </service>
213        <service
213-->[com.google.firebase:firebase-iid:17.0.3] AndroidManifest.xml:29:9-35:19
214            android:name="com.google.firebase.components.ComponentDiscoveryService"
214-->[com.google.firebase:firebase-iid:17.0.3] AndroidManifest.xml:30:13-84
215            android:exported="false" >
215-->[com.google.firebase:firebase-iid:17.0.3] AndroidManifest.xml:31:13-37
216            <meta-data
216-->[com.google.firebase:firebase-iid:17.0.3] AndroidManifest.xml:32:13-34:85
217                android:name="com.google.firebase.components:com.google.firebase.iid.Registrar"
217-->[com.google.firebase:firebase-iid:17.0.3] AndroidManifest.xml:33:17-96
218                android:value="com.google.firebase.components.ComponentRegistrar" />
218-->[com.google.firebase:firebase-iid:17.0.3] AndroidManifest.xml:34:17-82
219        </service>
220
221        <receiver
221-->[com.google.firebase:firebase-iid:17.0.3] AndroidManifest.xml:37:9-44:20
222            android:name="com.google.firebase.iid.FirebaseInstanceIdReceiver"
222-->[com.google.firebase:firebase-iid:17.0.3] AndroidManifest.xml:38:13-78
223            android:exported="true"
223-->[com.google.firebase:firebase-iid:17.0.3] AndroidManifest.xml:39:13-36
224            android:permission="com.google.android.c2dm.permission.SEND" >
224-->[com.google.firebase:firebase-iid:17.0.3] AndroidManifest.xml:40:13-73
225            <intent-filter>
225-->[com.google.firebase:firebase-iid:17.0.3] AndroidManifest.xml:41:13-43:29
226                <action android:name="com.google.android.c2dm.intent.RECEIVE" />
226-->[com.onesignal:OneSignal:3.15.1] AndroidManifest.xml:63:17-81
226-->[com.onesignal:OneSignal:3.15.1] AndroidManifest.xml:63:25-78
227            </intent-filter>
228        </receiver>
229        <!--
230             FirebaseInstanceIdService performs security checks at runtime,
231             no need for explicit permissions despite exported="true"
232        -->
233        <service
233-->[com.google.firebase:firebase-iid:17.0.3] AndroidManifest.xml:50:9-56:19
234            android:name="com.google.firebase.iid.FirebaseInstanceIdService"
234-->[com.google.firebase:firebase-iid:17.0.3] AndroidManifest.xml:51:13-77
235            android:exported="true" >
235-->[com.google.firebase:firebase-iid:17.0.3] AndroidManifest.xml:52:13-36
236            <intent-filter android:priority="-500" >
236-->[com.google.firebase:firebase-iid:17.0.3] AndroidManifest.xml:53:13-55:29
236-->[com.google.firebase:firebase-iid:17.0.3] AndroidManifest.xml:53:28-51
237                <action android:name="com.google.firebase.INSTANCE_ID_EVENT" />
237-->[com.google.firebase:firebase-iid:17.0.3] AndroidManifest.xml:54:17-80
237-->[com.google.firebase:firebase-iid:17.0.3] AndroidManifest.xml:54:25-77
238            </intent-filter>
239        </service>
240
241        <activity
241-->[com.google.android.gms:play-services-base:17.2.1] AndroidManifest.xml:23:9-26:75
242            android:name="com.google.android.gms.common.api.GoogleApiActivity"
242-->[com.google.android.gms:play-services-base:17.2.1] AndroidManifest.xml:24:13-79
243            android:exported="false"
243-->[com.google.android.gms:play-services-base:17.2.1] AndroidManifest.xml:25:13-37
244            android:theme="@android:style/Theme.Translucent.NoTitleBar" />
244-->[com.google.android.gms:play-services-base:17.2.1] AndroidManifest.xml:26:13-72
245        <activity
245-->[com.github.leyan95:android-zxingLibrary:0.1.2-PRE] AndroidManifest.xml:14:9-19:63
246            android:name="com.uuzuche.lib_zxing.activity.CaptureActivity"
246-->[com.github.leyan95:android-zxingLibrary:0.1.2-PRE] AndroidManifest.xml:15:13-74
247            android:configChanges="orientation|keyboardHidden"
247-->[com.github.leyan95:android-zxingLibrary:0.1.2-PRE] AndroidManifest.xml:16:13-63
248            android:screenOrientation="portrait"
248-->[com.github.leyan95:android-zxingLibrary:0.1.2-PRE] AndroidManifest.xml:17:13-49
249            android:theme="@style/Theme.AppCompat.NoActionBar"
249-->[com.github.leyan95:android-zxingLibrary:0.1.2-PRE] AndroidManifest.xml:18:13-63
250            android:windowSoftInputMode="stateAlwaysHidden" />
250-->[com.github.leyan95:android-zxingLibrary:0.1.2-PRE] AndroidManifest.xml:19:13-60
251
252        <provider
252-->[com.google.firebase:firebase-common:16.0.3] AndroidManifest.xml:10:9-14:39
253            android:name="com.google.firebase.provider.FirebaseInitProvider"
253-->[com.google.firebase:firebase-common:16.0.3] AndroidManifest.xml:11:13-77
254            android:authorities="com.example.byaherov1.firebaseinitprovider"
254-->[com.google.firebase:firebase-common:16.0.3] AndroidManifest.xml:12:13-72
255            android:exported="false"
255-->[com.google.firebase:firebase-common:16.0.3] AndroidManifest.xml:13:13-37
256            android:initOrder="100" />
256-->[com.google.firebase:firebase-common:16.0.3] AndroidManifest.xml:14:13-36
257
258        <meta-data
258-->[com.google.android.gms:play-services-basement:17.2.1] AndroidManifest.xml:23:9-25:69
259            android:name="com.google.android.gms.version"
259-->[com.google.android.gms:play-services-basement:17.2.1] AndroidManifest.xml:24:13-58
260            android:value="@integer/google_play_services_version" />
260-->[com.google.android.gms:play-services-basement:17.2.1] AndroidManifest.xml:25:13-66
261
262        <provider
262-->[com.squareup.picasso:picasso:2.71828] AndroidManifest.xml:8:9-11:40
263            android:name="com.squareup.picasso.PicassoProvider"
263-->[com.squareup.picasso:picasso:2.71828] AndroidManifest.xml:9:13-64
264            android:authorities="com.example.byaherov1.com.squareup.picasso"
264-->[com.squareup.picasso:picasso:2.71828] AndroidManifest.xml:10:13-72
265            android:exported="false" />
265-->[com.squareup.picasso:picasso:2.71828] AndroidManifest.xml:11:13-37
266        <provider
266-->[androidx.work:work-runtime:2.3.4] AndroidManifest.xml:31:9-37:35
267            android:name="androidx.work.impl.WorkManagerInitializer"
267-->[androidx.work:work-runtime:2.3.4] AndroidManifest.xml:32:13-69
268            android:authorities="com.example.byaherov1.workmanager-init"
268-->[androidx.work:work-runtime:2.3.4] AndroidManifest.xml:33:13-68
269            android:directBootAware="false"
269-->[androidx.work:work-runtime:2.3.4] AndroidManifest.xml:34:13-44
270            android:exported="false"
270-->[androidx.work:work-runtime:2.3.4] AndroidManifest.xml:35:13-37
271            android:multiprocess="true" />
271-->[androidx.work:work-runtime:2.3.4] AndroidManifest.xml:36:13-40
272
273        <service
273-->[androidx.work:work-runtime:2.3.4] AndroidManifest.xml:39:9-44:35
274            android:name="androidx.work.impl.background.systemalarm.SystemAlarmService"
274-->[androidx.work:work-runtime:2.3.4] AndroidManifest.xml:40:13-88
275            android:directBootAware="false"
275-->[androidx.work:work-runtime:2.3.4] AndroidManifest.xml:41:13-44
276            android:enabled="@bool/enable_system_alarm_service_default"
276-->[androidx.work:work-runtime:2.3.4] AndroidManifest.xml:42:13-72
277            android:exported="false" />
277-->[androidx.work:work-runtime:2.3.4] AndroidManifest.xml:43:13-37
278        <service